<?xml version="1.0" encoding="UTF-8"?>
<testsuite xmlns:xsi="http://www.w3.org/2001/XMLSchema-instance" xsi:noNamespaceSchemaLocation="https://maven.apache.org/surefire/maven-surefire-plugin/xsd/surefire-test-report-3.0.xsd" version="3.0" name="TestSuite" time="20.175" tests="1" errors="0" skipped="0" failures="0">
  <properties>
[...]
</properties>
  <testcase name="feature[Search Hotels in MakeMyTrip](1)" classname="com.qa.runner.TestRunner" time="13.314">
    <system-out><![CDATA[I am in onStart method MMT Test
I am in onTestStart method feature start
Feature: Search Hotels in MakeMyTrip

  @Searchhotel
  Scenario: Verify Hotels Page in MakemyTrip &amp#27;[90m# src/main/java/com/qa/features/SearchHotels.feature:4&amp#27;[0m
    &amp#27;[32mGiven &amp#27;[0m&amp#27;[32mUser Open Browser&amp#27;[0m                  &amp#27;[90m# HotelList.user_Open_Browser()&amp#27;[0m
    &amp#27;[32mWhen &amp#27;[0m&amp#27;[32mClick on Randoms place&amp#27;[0m              &amp#27;[90m# HotelList.click_on_Randoms_place()&amp#27;[0m
    &amp#27;[32mAnd &amp#27;[0m&amp#27;[32mClick on Hotels Tab&amp#27;[0m                  &amp#27;[90m# HotelList.click_on_Hotels_Tab()&amp#27;[0m
    &amp#27;[32mAnd &amp#27;[0m&amp#27;[32mSelect Mumbai from drop down&amp#27;[0m         &amp#27;[90m# HotelList.select_Mumbai_from_drop_down()&amp#27;[0m
    &amp#27;[32mThen &amp#27;[0m&amp#27;[32mVerify the Hotels Page&amp#27;[0m              &amp#27;[90m# HotelList.verify_the_Hotels_Page()&amp#27;[0m
    &amp#27;[32mAnd &amp#27;[0m&amp#27;[32mClose the search hotels Browser&amp#27;[0m      &amp#27;[90m# HotelList.close_the_search_hotels_Browser()&amp#27;[0m
I am in onTestSuccess method feature succeed
]]></system-out>
    <system-err><![CDATA[SLF4J: Failed to load class "org.slf4j.impl.StaticLoggerBinder".
SLF4J: Defaulting to no-operation (NOP) logger implementation
SLF4J: See http://www.slf4j.org/codes.html#StaticLoggerBinder for further details.
Starting ChromeDriver 92.0.4515.43 (8c61b7e2989f2990d42f859cac71319137787cce-refs/branch-heads/4515@{#306}) on port 7671
Only local connections are allowed.
Please see https://chromedriver.chromium.org/security-considerations for suggestions on keeping ChromeDriver safe.
ChromeDriver was started successfully.
[1631784916.241][WARNING]: This version of ChromeDriver has not been tested with Chrome version 93.
Sep 16, 2021 3:05:16 PM org.openqa.selenium.remote.ProtocolHandshake createSession
INFO: Detected dialect: W3C
]]></system-err>
  </testcase>
</testsuite>