<?xml version="1.0" encoding="UTF-8"?>
<testng-results skipped="0" failed="0" ignored="0" total="1" passed="1">
  <reporter-output>
  </reporter-output>
  <suite name="MMTSuite" duration-ms="13926" started-at="2021-09-16T15:05:13 IST" finished-at="2021-09-16T15:05:27 IST">
    <groups>
      <group name="cucumber">
        <method signature="TestRunner.feature(cucumber.api.testng.CucumberFeatureWrapper)[pri:0, instance:com.qa.runner.TestRunner@7d373bcf]" name="feature" class="com.qa.runner.TestRunner"/>
      </group> <!-- cucumber -->
    </groups>
    <test name="MMT Test" duration-ms="13926" started-at="2021-09-16T15:05:13 IST" finished-at="2021-09-16T15:05:27 IST">
      <class name="com.qa.runner.TestRunner">
        <test-method status="PASS" signature="setUpClass()[pri:0, instance:com.qa.runner.TestRunner@7d373bcf]" name="setUpClass" is-config="true" duration-ms="382" started-at="2021-09-16T15:05:13 IST" finished-at="2021-09-16T15:05:13 IST">
          <reporter-output>
          </reporter-output>
        </test-method> <!-- setUpClass -->
        <test-method status="PASS" signature="feature(cucumber.api.testng.CucumberFeatureWrapper)[pri:0, instance:com.qa.runner.TestRunner@7d373bcf]" name="feature" duration-ms="13287" started-at="2021-09-16T15:05:13 IST" description="Runs Cucumber Feature" data-provider="features" finished-at="2021-09-16T15:05:27 IST">
          <params>
            <param index="0">
              <value>
                <![CDATA[Search Hotels in MakeMyTrip]]>
              </value>
            </param>
          </params>
          <reporter-output>
          </reporter-output>
        </test-method> <!-- feature -->
        <test-method status="PASS" signature="tearDownClass()[pri:0, instance:com.qa.runner.TestRunner@7d373bcf]" name="tearDownClass" is-config="true" duration-ms="14" started-at="2021-09-16T15:05:27 IST" finished-at="2021-09-16T15:05:27 IST">
          <reporter-output>
          </reporter-output>
        </test-method> <!-- tearDownClass -->
      </class> <!-- com.qa.runner.TestRunner -->
    </test> <!-- MMT Test -->
  </suite> <!-- MMTSuite -->
</testng-results>
